<?xml version="1.0" encoding="UTF-8"?>
<!-- Generated by org.testng.reporters.JUnitXMLReporter -->
<testsuite ignored="0" hostname="DESKTOP-DSHL1C6" failures="0" tests="5" name="Test" time="0.08" errors="0" timestamp="2023-01-03T13:49:08 IST">
  <testcase classname="tutorial1.Sample" name="p1" time="0.008"/>
  <testcase classname="tutorial1.Sample" name="p2" time="0.002"/>
  <testcase classname="tutorial1.Demo1" name="a1" time="0.001"/>
  <testcase classname="tutorial1.Demo1" name="a2" time="0.002"/>
  <testcase classname="tutorial1.Demo1" name="a3" time="0.002"/>
</testsuite> <!-- Test -->
